#
# A fatal error has been detected by the Java Runtime Environment:
#
#  EXCEPTION_ACCESS_VIOLATION (0xc0000005) at pc=0x0000000066c8719c, pid=17656, tid=0x00000000000040d8
#
# JRE version: Java(TM) SE Runtime Environment (8.0_211-b12) (build 1.8.0_211-b12)
# Java VM: Java HotSpot(TM) 64-Bit Server VM (25.211-b12 mixed mode windows-amd64 compressed oops)
# Problematic frame:
# V  [jvm.dll+0xf719c]
#
# Failed to write core dump. Minidumps are not enabled by default on client versions of Windows
#
# If you would like to submit a bug report, please visit:
#   http://bugreport.java.com/bugreport/crash.jsp
#

---------------  T H R E A D  ---------------

Current thread (0x0000000017918800):  VMThread [stack: 0x00000000195f0000,0x00000000196f0000] [id=16600]

siginfo: ExceptionCode=0xc0000005, reading address 0x0000000000000010

Registers:
RAX=0x0000000000000000, RBX=0x0000000002901c70, RCX=0x00000000000000ff, RDX=0x0000000000000043
RSP=0x00000000196ef448, RBP=0x00000000196ef550, RSI=0x00000000000000bb, RDI=0x0000000000000043
R8 =0x00000000028d4070, R9 =0x0000000000000003, R10=0x0000000000000003, R11=0x000000001face4f8
R12=0x00000000196ef5e0, R13=0x00000000196ef5d0, R14=0x0000000000000000, R15=0x0000000000000001
RIP=0x0000000066c8719c, EFLAGS=0x0000000000010202

Top of Stack: (sp=0x00000000196ef448)
0x00000000196ef448:   0000000066d65336 0000000000000000
0x00000000196ef458:   0000000000000043 00000000000000bb
0x00000000196ef468:   00000000198bf9e0 00000000030b67f0
0x00000000196ef478:   00000000030b5b7a 00000000030b5d10
0x00000000196ef488:   0000000066e91bde 00000000030b67ef
0x00000000196ef498:   00000000196e000a 00000000196ef498
0x00000000196ef4a8:   0000000066010000 00000000030b5d20
0x00000000196ef4b8:   0000000066c219cd 00004bd102f0684a
0x00000000196ef4c8:   00000000030b5d20 00004bd102f06f7a
0x00000000196ef4d8:   00000000198c1d10 00000000029f61a0
0x00000000196ef4e8:   0000000066c246e5 0000000017917df0
0x00000000196ef4f8:   0000000066c2fbfe 00000000198c79c8
0x00000000196ef508:   0000000000000000 000000001facd600
0x00000000196ef518:   0000000000000000 0000000000000000
0x00000000196ef528:   0000000066c2fedd 00000000196ef5f0
0x00000000196ef538:   00000000030b85d0 000000001facd600 

Instructions: (pc=0x0000000066c8719c)
0x0000000066c8717c:   5f c3 cc cc 48 63 c2 48 8b 44 c1 50 48 89 44 24
0x0000000066c8718c:   08 48 8b 44 24 08 0f b6 c8 f6 d1 f6 c1 01 74 05
0x0000000066c8719c:   48 8b 40 10 c3 48 83 e0 fe c3 cc cc cc cc cc cc
0x0000000066c871ac:   cc cc cc cc 48 89 54 24 10 49 63 c0 48 8b 44 c1 


Register to memory mapping:

RAX=0x0000000000000000 is an unknown value
RBX=0x0000000002901c70 is an unknown value
RCX=0x00000000000000ff is an unknown value
RDX=0x0000000000000043 is an unknown value
RSP=0x00000000196ef448 is an unknown value
RBP=0x00000000196ef550 is an unknown value
RSI=0x00000000000000bb is an unknown value
RDI=0x0000000000000043 is an unknown value
R8 =0x00000000028d4070 is an unknown value
R9 =0x0000000000000003 is an unknown value
R10=0x0000000000000003 is an unknown value
R11=0x000000001face4f8 is pointing into metadata
R12=0x00000000196ef5e0 is an unknown value
R13=0x00000000196ef5d0 is an unknown value
R14=0x0000000000000000 is an unknown value
R15=0x0000000000000001 is an unknown value


Stack: [0x00000000195f0000,0x00000000196f0000],  sp=0x00000000196ef448,  free space=1021k
Native frames: (J=compiled Java code, j=interpreted, Vv=VM code, C=native code)
V  [jvm.dll+0xf719c]

VM_Operation (0x000000001a41f5a0): RedefineClasses, mode: safepoint, requested by thread 0x0000000019826000, redefining class com.expressiontree.controllers.ExpressionController



---------------  P R O C E S S  ---------------

Java Threads: ( => current thread )
  0x000000001d07f000 JavaThread "JMX server connection timeout 53" daemon [_thread_blocked, id=25248, stack(0x0000000020230000,0x0000000020330000)]
  0x000000001d082000 JavaThread "RMI TCP Connection(idle)" daemon [_thread_blocked, id=25156, stack(0x0000000020130000,0x0000000020230000)]
  0x000000001d08a800 JavaThread "RMI TCP Connection(idle)" daemon [_thread_blocked, id=25336, stack(0x000000001fc30000,0x000000001fd30000)]
  0x000000001d080000 JavaThread "DestroyJavaVM" [_thread_blocked, id=24140, stack(0x00000000027a0000,0x00000000028a0000)]
  0x000000001d083800 JavaThread "http-nio-8080-Acceptor" daemon [_thread_in_native, id=24288, stack(0x000000001f130000,0x000000001f230000)]
  0x000000001d081800 JavaThread "http-nio-8080-ClientPoller" daemon [_thread_in_native, id=6784, stack(0x000000001f030000,0x000000001f130000)]
  0x000000001d080800 JavaThread "http-nio-8080-exec-10" daemon [_thread_blocked, id=21948, stack(0x000000001ef30000,0x000000001f030000)]
  0x000000001d03d000 JavaThread "http-nio-8080-exec-9" daemon [_thread_blocked, id=928, stack(0x000000001ee30000,0x000000001ef30000)]
  0x000000001d03b000 JavaThread "http-nio-8080-exec-8" daemon [_thread_blocked, id=9656, stack(0x000000001ed30000,0x000000001ee30000)]
  0x000000001d03a000 JavaThread "http-nio-8080-exec-7" daemon [_thread_blocked, id=19964, stack(0x000000001ec30000,0x000000001ed30000)]
  0x000000001d03c800 JavaThread "http-nio-8080-exec-6" daemon [_thread_blocked, id=14500, stack(0x000000001eb30000,0x000000001ec30000)]
  0x000000001d03f800 JavaThread "http-nio-8080-exec-5" daemon [_thread_blocked, id=24332, stack(0x000000001ea30000,0x000000001eb30000)]
  0x000000001d03e800 JavaThread "http-nio-8080-exec-4" daemon [_thread_blocked, id=25580, stack(0x000000001e930000,0x000000001ea30000)]
  0x000000001d039800 JavaThread "http-nio-8080-exec-3" daemon [_thread_blocked, id=20052, stack(0x000000001e830000,0x000000001e930000)]
  0x000000001d03e000 JavaThread "http-nio-8080-exec-2" daemon [_thread_blocked, id=15752, stack(0x000000001e730000,0x000000001e830000)]
  0x000000001d040000 JavaThread "http-nio-8080-exec-1" daemon [_thread_blocked, id=18272, stack(0x000000001e630000,0x000000001e730000)]
  0x000000001d03b800 JavaThread "http-nio-8080-BlockPoller" daemon [_thread_in_native, id=3352, stack(0x000000001e530000,0x000000001e630000)]
  0x000000001cae9000 JavaThread "container-0" [_thread_blocked, id=16136, stack(0x000000001e030000,0x000000001e130000)]
  0x000000001cc09000 JavaThread "Catalina-utility-2" [_thread_blocked, id=20752, stack(0x000000001df30000,0x000000001e030000)]
  0x000000001cc08000 JavaThread "Catalina-utility-1" [_thread_blocked, id=22372, stack(0x000000001de30000,0x000000001df30000)]
  0x000000001b02f800 JavaThread "JMX server connection timeout 22" daemon [_thread_blocked, id=24772, stack(0x000000001bf60000,0x000000001c060000)]
  0x000000001b022000 JavaThread "RMI Scheduler(0)" daemon [_thread_blocked, id=24724, stack(0x000000001bd60000,0x000000001be60000)]
  0x000000001ad6a800 JavaThread "RMI TCP Accept-0" daemon [_thread_in_native, id=22892, stack(0x000000001b520000,0x000000001b620000)]
  0x000000001ad62000 JavaThread "RMI TCP Accept-55530" daemon [_thread_in_native, id=17328, stack(0x000000001b420000,0x000000001b520000)]
  0x000000001ad4a000 JavaThread "RMI TCP Accept-0" daemon [_thread_in_native, id=24568, stack(0x000000001b320000,0x000000001b420000)]
  0x00000000198f4800 JavaThread "Service Thread" daemon [_thread_blocked, id=19148, stack(0x000000001aa20000,0x000000001ab20000)]
  0x0000000019850000 JavaThread "C1 CompilerThread3" daemon [_thread_blocked, id=20292, stack(0x000000001a920000,0x000000001aa20000)]
  0x000000001984e800 JavaThread "C2 CompilerThread2" daemon [_thread_blocked, id=12396, stack(0x000000001a820000,0x000000001a920000)]
  0x000000001984c800 JavaThread "C2 CompilerThread1" daemon [_thread_blocked, id=23984, stack(0x000000001a720000,0x000000001a820000)]
  0x0000000019847000 JavaThread "C2 CompilerThread0" daemon [_thread_blocked, id=24152, stack(0x000000001a620000,0x000000001a720000)]
  0x0000000019837000 JavaThread "JDWP Command Reader" daemon [_thread_in_native, id=18920, stack(0x000000001a520000,0x000000001a620000)]
  0x0000000019832000 JavaThread "JDWP Event Helper Thread" daemon [_thread_blocked, id=22780, stack(0x000000001a420000,0x000000001a520000)]
  0x0000000019826000 JavaThread "JDWP Transport Listener: dt_socket" daemon [_thread_blocked, id=24600, stack(0x000000001a320000,0x000000001a420000)]
  0x000000001981c000 JavaThread "Attach Listener" daemon [_thread_blocked, id=21236, stack(0x0000000019ee0000,0x0000000019fe0000)]
  0x000000001981b000 JavaThread "Signal Dispatcher" daemon [_thread_blocked, id=7500, stack(0x0000000019de0000,0x0000000019ee0000)]
  0x0000000019810800 JavaThread "Finalizer" daemon [_thread_blocked, id=8308, stack(0x0000000019bf0000,0x0000000019cf0000)]
  0x00000000029aa000 JavaThread "Reference Handler" daemon [_thread_blocked, id=25572, stack(0x00000000196f0000,0x00000000197f0000)]

Other Threads:
=>0x0000000017918800 VMThread [stack: 0x00000000195f0000,0x00000000196f0000] [id=16600]
  0x000000001ad6f800 WatcherThread [stack: 0x000000001b620000,0x000000001b720000] [id=7428]

VM state:at safepoint (normal execution)

VM Mutex/Monitor currently owned by a thread:  ([mutex/lock_event])
[0x00000000028b40d0] Threads_lock - owner thread: 0x0000000017918800

heap address: 0x0000000081e00000, size: 2018 MB, Compressed Oops mode: 32-bit
Narrow klass base: 0x0000000000000000, Narrow klass shift: 3
Compressed class space size: 1073741824 Address: 0x0000000100000000

Heap:
 PSYoungGen      total 116736K, used 17659K [0x00000000d5f80000, 0x00000000e0f00000, 0x0000000100000000)
  eden space 103936K, 16% used [0x00000000d5f80000,0x00000000d70bef40,0x00000000dc500000)
  from space 12800K, 0% used [0x00000000dc500000,0x00000000dc500000,0x00000000dd180000)
  to   space 12288K, 0% used [0x00000000e0300000,0x00000000e0300000,0x00000000e0f00000)
 ParOldGen       total 81408K, used 13210K [0x0000000081e00000, 0x0000000086d80000, 0x00000000d5f80000)
  object space 81408K, 16% used [0x0000000081e00000,0x0000000082ae6bc8,0x0000000086d80000)
 Metaspace       used 34543K, capacity 36348K, committed 36568K, reserved 1081344K
  class space    used 4763K, capacity 5092K, committed 5120K, reserved 1048576K

Card table byte_map: [0x0000000011d70000,0x0000000012170000] byte_map_base: 0x0000000011961000

Marking Bits: (ParMarkBitMap*) 0x00000000673b5ce0
 Begin Bits: [0x0000000012c20000, 0x0000000014ba8000)
 End Bits:   [0x0000000014ba8000, 0x0000000016b30000)

Polling page: 0x0000000000e90000

CodeCache: size=245760Kb used=7192Kb max_used=7192Kb free=238567Kb
 bounds [0x00000000029b0000, 0x00000000030c0000, 0x00000000119b0000]
 total_blobs=4052 nmethods=3597 adapters=374
 compilation: enabled

Compilation events (10 events):
Event: 225.597 Thread 0x0000000019850000 3649       1       java.util.concurrent.atomic.AtomicLong::getAndSet (12 bytes)
Event: 225.597 Thread 0x0000000019850000 nmethod 3649 0x00000000030b53d0 code [0x00000000030b5520, 0x00000000030b5630]
Event: 225.597 Thread 0x0000000019850000 3650       1       sun.misc.Unsafe::getAndSetLong (24 bytes)
Event: 225.597 Thread 0x0000000019850000 nmethod 3650 0x00000000030b5690 code [0x00000000030b57e0, 0x00000000030b5930]
Event: 226.597 Thread 0x0000000019850000 3652   !   1       org.apache.tomcat.util.net.NioEndpoint$Poller::timeout (583 bytes)
Event: 226.604 Thread 0x0000000019850000 nmethod 3652 0x00000000030b59d0 code [0x00000000030b5d20, 0x00000000030b6dd8]
Event: 226.604 Thread 0x0000000019850000 3651       1       java.util.concurrent.atomic.AtomicLong::set (6 bytes)
Event: 226.605 Thread 0x0000000019850000 nmethod 3651 0x00000000030b82d0 code [0x00000000030b8420, 0x00000000030b8550]
Event: 227.598 Thread 0x0000000019850000 3653       1       org.apache.tomcat.util.net.NioEndpoint::access$200 (5 bytes)
Event: 227.598 Thread 0x0000000019850000 nmethod 3653 0x00000000030b85d0 code [0x00000000030b8720, 0x00000000030b8810]

GC Heap History (10 events):
Event: 1.445 GC heap before
{Heap before GC invocations=5 (full 1):
 PSYoungGen      total 71680K, used 5104K [0x00000000d5f80000, 0x00000000daa80000, 0x0000000100000000)
  eden space 66560K, 0% used [0x00000000d5f80000,0x00000000d5f80000,0x00000000da080000)
  from space 5120K, 99% used [0x00000000da580000,0x00000000daa7c000,0x00000000daa80000)
  to   space 5120K, 0% used [0x00000000da080000,0x00000000da080000,0x00000000da580000)
 ParOldGen       total 87552K, used 9145K [0x0000000081e00000, 0x0000000087380000, 0x00000000d5f80000)
  object space 87552K, 10% used [0x0000000081e00000,0x00000000826ee6e8,0x0000000087380000)
 Metaspace       used 20425K, capacity 21124K, committed 21248K, reserved 1067008K
  class space    used 2768K, capacity 2971K, committed 3072K, reserved 1048576K
Event: 1.469 GC heap after
Heap after GC invocations=5 (full 1):
 PSYoungGen      total 71680K, used 0K [0x00000000d5f80000, 0x00000000daa80000, 0x0000000100000000)
  eden space 66560K, 0% used [0x00000000d5f80000,0x00000000d5f80000,0x00000000da080000)
  from space 5120K, 0% used [0x00000000da580000,0x00000000da580000,0x00000000daa80000)
  to   space 5120K, 0% used [0x00000000da080000,0x00000000da080000,0x00000000da580000)
 ParOldGen       total 58368K, used 7935K [0x0000000081e00000, 0x0000000085700000, 0x00000000d5f80000)
  object space 58368K, 13% used [0x0000000081e00000,0x00000000825bfc70,0x0000000085700000)
 Metaspace       used 20423K, capacity 21118K, committed 21248K, reserved 1067008K
  class space    used 2767K, capacity 2970K, committed 3072K, reserved 1048576K
}
Event: 2.053 GC heap before
{Heap before GC invocations=6 (full 1):
 PSYoungGen      total 71680K, used 66560K [0x00000000d5f80000, 0x00000000daa80000, 0x0000000100000000)
  eden space 66560K, 100% used [0x00000000d5f80000,0x00000000da080000,0x00000000da080000)
  from space 5120K, 0% used [0x00000000da580000,0x00000000da580000,0x00000000daa80000)
  to   space 5120K, 0% used [0x00000000da080000,0x00000000da080000,0x00000000da580000)
 ParOldGen       total 58368K, used 7935K [0x0000000081e00000, 0x0000000085700000, 0x00000000d5f80000)
  object space 58368K, 13% used [0x0000000081e00000,0x00000000825bfc70,0x0000000085700000)
 Metaspace       used 26322K, capacity 27714K, committed 28032K, reserved 1073152K
  class space    used 3592K, capacity 3876K, committed 3968K, reserved 1048576K
Event: 2.060 GC heap after
Heap after GC invocations=6 (full 1):
 PSYoungGen      total 71680K, used 5117K [0x00000000d5f80000, 0x00000000ddd00000, 0x0000000100000000)
  eden space 66560K, 0% used [0x00000000d5f80000,0x00000000d5f80000,0x00000000da080000)
  from space 5120K, 99% used [0x00000000da080000,0x00000000da57f570,0x00000000da580000)
  to   space 11264K, 0% used [0x00000000dd200000,0x00000000dd200000,0x00000000ddd00000)
 ParOldGen       total 58368K, used 12426K [0x0000000081e00000, 0x0000000085700000, 0x00000000d5f80000)
  object space 58368K, 21% used [0x0000000081e00000,0x0000000082a228b8,0x0000000085700000)
 Metaspace       used 26322K, capacity 27714K, committed 28032K, reserved 1073152K
  class space    used 3592K, capacity 3876K, committed 3968K, reserved 1048576K
}
Event: 2.961 GC heap before
{Heap before GC invocations=7 (full 1):
 PSYoungGen      total 71680K, used 71677K [0x00000000d5f80000, 0x00000000ddd00000, 0x0000000100000000)
  eden space 66560K, 100% used [0x00000000d5f80000,0x00000000da080000,0x00000000da080000)
  from space 5120K, 99% used [0x00000000da080000,0x00000000da57f570,0x00000000da580000)
  to   space 11264K, 0% used [0x00000000dd200000,0x00000000dd200000,0x00000000ddd00000)
 ParOldGen       total 58368K, used 12426K [0x0000000081e00000, 0x0000000085700000, 0x00000000d5f80000)
  object space 58368K, 21% used [0x0000000081e00000,0x0000000082a228b8,0x0000000085700000)
 Metaspace       used 31704K, capacity 33444K, committed 33664K, reserved 1079296K
  class space    used 4389K, capacity 4704K, committed 4736K, reserved 1048576K
Event: 2.973 GC heap after
Heap after GC invocations=7 (full 1):
 PSYoungGen      total 115200K, used 11238K [0x00000000d5f80000, 0x00000000dde00000, 0x0000000100000000)
  eden space 103936K, 0% used [0x00000000d5f80000,0x00000000d5f80000,0x00000000dc500000)
  from space 11264K, 99% used [0x00000000dd200000,0x00000000ddcf9a18,0x00000000ddd00000)
  to   space 12800K, 0% used [0x00000000dc500000,0x00000000dc500000,0x00000000dd180000)
 ParOldGen       total 58368K, used 12539K [0x0000000081e00000, 0x0000000085700000, 0x00000000d5f80000)
  object space 58368K, 21% used [0x0000000081e00000,0x0000000082a3ee18,0x0000000085700000)
 Metaspace       used 31704K, capacity 33444K, committed 33664K, reserved 1079296K
  class space    used 4389K, capacity 4704K, committed 4736K, reserved 1048576K
}
Event: 43.239 GC heap before
{Heap before GC invocations=8 (full 1):
 PSYoungGen      total 115200K, used 36131K [0x00000000d5f80000, 0x00000000dde00000, 0x0000000100000000)
  eden space 103936K, 23% used [0x00000000d5f80000,0x00000000d77cf318,0x00000000dc500000)
  from space 11264K, 99% used [0x00000000dd200000,0x00000000ddcf9a18,0x00000000ddd00000)
  to   space 12800K, 0% used [0x00000000dc500000,0x00000000dc500000,0x00000000dd180000)
 ParOldGen       total 58368K, used 12539K [0x0000000081e00000, 0x0000000085700000, 0x00000000d5f80000)
  object space 58368K, 21% used [0x0000000081e00000,0x0000000082a3ee18,0x0000000085700000)
 Metaspace       used 33489K, capacity 35334K, committed 35416K, reserved 1079296K
  class space    used 4612K, capacity 4965K, committed 4992K, reserved 1048576K
Event: 43.246 GC heap after
Heap after GC invocations=8 (full 1):
 PSYoungGen      total 116736K, used 9070K [0x00000000d5f80000, 0x00000000e0f00000, 0x0000000100000000)
  eden space 103936K, 0% used [0x00000000d5f80000,0x00000000d5f80000,0x00000000dc500000)
  from space 12800K, 70% used [0x00000000dc500000,0x00000000dcddb890,0x00000000dd180000)
  to   space 12288K, 0% used [0x00000000e0300000,0x00000000e0300000,0x00000000e0f00000)
 ParOldGen       total 58368K, used 12547K [0x0000000081e00000, 0x0000000085700000, 0x00000000d5f80000)
  object space 58368K, 21% used [0x0000000081e00000,0x0000000082a40e18,0x0000000085700000)
 Metaspace       used 33489K, capacity 35334K, committed 35416K, reserved 1079296K
  class space    used 4612K, capacity 4965K, committed 4992K, reserved 1048576K
}
Event: 43.246 GC heap before
{Heap before GC invocations=9 (full 2):
 PSYoungGen      total 116736K, used 9070K [0x00000000d5f80000, 0x00000000e0f00000, 0x0000000100000000)
  eden space 103936K, 0% used [0x00000000d5f80000,0x00000000d5f80000,0x00000000dc500000)
  from space 12800K, 70% used [0x00000000dc500000,0x00000000dcddb890,0x00000000dd180000)
  to   space 12288K, 0% used [0x00000000e0300000,0x00000000e0300000,0x00000000e0f00000)
 ParOldGen       total 58368K, used 12547K [0x0000000081e00000, 0x0000000085700000, 0x00000000d5f80000)
  object space 58368K, 21% used [0x0000000081e00000,0x0000000082a40e18,0x0000000085700000)
 Metaspace       used 33489K, capacity 35334K, committed 35416K, reserved 1079296K
  class space    used 4612K, capacity 4965K, committed 4992K, reserved 1048576K
Event: 43.288 GC heap after
Heap after GC invocations=9 (full 2):
 PSYoungGen      total 116736K, used 0K [0x00000000d5f80000, 0x00000000e0f00000, 0x0000000100000000)
  eden space 103936K, 0% used [0x00000000d5f80000,0x00000000d5f80000,0x00000000dc500000)
  from space 12800K, 0% used [0x00000000dc500000,0x00000000dc500000,0x00000000dd180000)
  to   space 12288K, 0% used [0x00000000e0300000,0x00000000e0300000,0x00000000e0f00000)
 ParOldGen       total 81408K, used 13210K [0x0000000081e00000, 0x0000000086d80000, 0x00000000d5f80000)
  object space 81408K, 16% used [0x0000000081e00000,0x0000000082ae6bc8,0x0000000086d80000)
 Metaspace       used 33475K, capacity 35304K, committed 35416K, reserved 1079296K
  class space    used 4609K, capacity 4960K, committed 4992K, reserved 1048576K
}

Deoptimization events (0 events):
No events

Classes redefined (5 events):
Event: 131.450 Thread 0x0000000017918800 redefined class name=com.expressiontree.controllers.ExpressionController, count=1
Event: 137.888 Thread 0x0000000017918800 redefined class name=com.expressiontree.controllers.ExpressionController, count=2
Event: 181.407 Thread 0x0000000017918800 redefined class name=com.expressiontree.controllers.ExpressionController, count=3
Event: 198.603 Thread 0x0000000017918800 redefined class name=com.expressiontree.controllers.ExpressionController, count=4
Event: 220.774 Thread 0x0000000017918800 redefined class name=com.expressiontree.controllers.ExpressionController, count=5

Internal exceptions (10 events):
Event: 43.427 Thread 0x000000001d040000 Exception <a 'java/lang/ArrayIndexOutOfBoundsException'> (0x00000000d68a5e50) thrown at [C:\re\workspace\8-2-build-windows-amd64-cygwin\jdk8u211\12973\hotspot\src\share\vm\runtime\sharedRuntime.cpp, line 605]
Event: 43.431 Thread 0x000000001d040000 Exception <a 'java/lang/ArrayIndexOutOfBoundsException'> (0x00000000d68b6b50) thrown at [C:\re\workspace\8-2-build-windows-amd64-cygwin\jdk8u211\12973\hotspot\src\share\vm\runtime\sharedRuntime.cpp, line 605]
Event: 43.431 Thread 0x000000001d040000 Exception <a 'java/lang/ArrayIndexOutOfBoundsException'> (0x00000000d68b8258) thrown at [C:\re\workspace\8-2-build-windows-amd64-cygwin\jdk8u211\12973\hotspot\src\share\vm\runtime\sharedRuntime.cpp, line 605]
Event: 43.431 Thread 0x000000001d040000 Exception <a 'java/lang/ArrayIndexOutOfBoundsException'> (0x00000000d68b9f80) thrown at [C:\re\workspace\8-2-build-windows-amd64-cygwin\jdk8u211\12973\hotspot\src\share\vm\runtime\sharedRuntime.cpp, line 605]
Event: 43.436 Thread 0x000000001d040000 Exception <a 'java/lang/ArrayIndexOutOfBoundsException'> (0x00000000d6940698) thrown at [C:\re\workspace\8-2-build-windows-amd64-cygwin\jdk8u211\12973\hotspot\src\share\vm\runtime\sharedRuntime.cpp, line 605]
Event: 43.437 Thread 0x000000001d040000 Exception <a 'java/lang/ArrayIndexOutOfBoundsException'> (0x00000000d694e6c8) thrown at [C:\re\workspace\8-2-build-windows-amd64-cygwin\jdk8u211\12973\hotspot\src\share\vm\runtime\sharedRuntime.cpp, line 605]
Event: 43.437 Thread 0x000000001d040000 Exception <a 'java/lang/ArrayIndexOutOfBoundsException'> (0x00000000d6951a78) thrown at [C:\re\workspace\8-2-build-windows-amd64-cygwin\jdk8u211\12973\hotspot\src\share\vm\runtime\sharedRuntime.cpp, line 605]
Event: 43.439 Thread 0x000000001d040000 Exception <a 'java/lang/ArrayIndexOutOfBoundsException'> (0x00000000d6983918) thrown at [C:\re\workspace\8-2-build-windows-amd64-cygwin\jdk8u211\12973\hotspot\src\share\vm\runtime\sharedRuntime.cpp, line 605]
Event: 43.440 Thread 0x000000001d040000 Exception <a 'java/lang/ArrayIndexOutOfBoundsException'> (0x00000000d698d7a8) thrown at [C:\re\workspace\8-2-build-windows-amd64-cygwin\jdk8u211\12973\hotspot\src\share\vm\runtime\sharedRuntime.cpp, line 605]
Event: 43.444 Thread 0x000000001d040000 Exception <a 'java/lang/ArrayIndexOutOfBoundsException'> (0x00000000d6a09e70) thrown at [C:\re\workspace\8-2-build-windows-amd64-cygwin\jdk8u211\12973\hotspot\src\share\vm\runtime\sharedRuntime.cpp, line 605]

Events (10 events):
Event: 137.888 Executing VM operation: RedefineClasses done
Event: 148.689 Thread 0x0000000019850000 flushing nmethod 0x0000000002af1b10
Event: 153.691 Thread 0x0000000019850000 flushing nmethod 0x0000000002ba0dd0
Event: 181.394 Executing VM operation: RedefineClasses
Event: 181.407 Executing VM operation: RedefineClasses done
Event: 198.590 Executing VM operation: RedefineClasses
Event: 198.604 Executing VM operation: RedefineClasses done
Event: 220.762 Executing VM operation: RedefineClasses
Event: 220.774 Executing VM operation: RedefineClasses done
Event: 232.012 Executing VM operation: RedefineClasses


Dynamic libraries:
0x00007ff707050000 - 0x00007ff707087000 	C:\Program Files\Java\jre1.8.0_211\bin\javaw.exe
0x00007ffddf940000 - 0x00007ffddfb21000 	C:\Windows\SYSTEM32\ntdll.dll
0x00007ffddd2c0000 - 0x00007ffddd371000 	C:\Windows\System32\KERNEL32.DLL
0x00007ffddc1d0000 - 0x00007ffddc443000 	C:\Windows\System32\KERNELBASE.dll
0x00007ffdde320000 - 0x00007ffdde3c1000 	C:\Windows\System32\ADVAPI32.dll
0x00007ffddd590000 - 0x00007ffddd62e000 	C:\Windows\System32\msvcrt.dll
0x00007ffddd260000 - 0x00007ffddd2bb000 	C:\Windows\System32\sechost.dll
0x00007ffdddd10000 - 0x00007ffddde34000 	C:\Windows\System32\RPCRT4.dll
0x00007ffddd630000 - 0x00007ffddd7c0000 	C:\Windows\System32\USER32.dll
0x00007ffddc450000 - 0x00007ffddc470000 	C:\Windows\System32\win32u.dll
0x00007ffddde40000 - 0x00007ffddde68000 	C:\Windows\System32\GDI32.dll
0x00007ffddbf30000 - 0x00007ffddc0c1000 	C:\Windows\System32\gdi32full.dll
0x00007ffddbe10000 - 0x00007ffddbeaf000 	C:\Windows\System32\msvcp_win.dll
0x00007ffddbd10000 - 0x00007ffddbe08000 	C:\Windows\System32\ucrtbase.dll
0x00007ffdcbe30000 - 0x00007ffdcc099000 	C:\Windows\WinSxS\amd64_microsoft.windows.common-controls_6595b64144ccf1df_6.0.17134.885_none_fb42a3473065565f\COMCTL32.dll
0x00007ffddd970000 - 0x00007ffdddc92000 	C:\Windows\System32\combase.dll
0x00007ffddbeb0000 - 0x00007ffddbf29000 	C:\Windows\System32\bcryptPrimitives.dll
0x00007ffddd7c0000 - 0x00007ffddd7ed000 	C:\Windows\System32\IMM32.DLL
0x0000000066040000 - 0x0000000066112000 	C:\Program Files\Java\jre1.8.0_211\bin\msvcr100.dll
0x0000000066b90000 - 0x0000000067435000 	C:\Program Files\Java\jre1.8.0_211\bin\server\jvm.dll
0x00007ffddcf40000 - 0x00007ffddcf48000 	C:\Windows\System32\PSAPI.DLL
0x00007ffdcd130000 - 0x00007ffdcd139000 	C:\Windows\SYSTEM32\WSOCK32.dll
0x00007ffdd6cf0000 - 0x00007ffdd6cfa000 	C:\Windows\SYSTEM32\VERSION.dll
0x00007ffdd9740000 - 0x00007ffdd9763000 	C:\Windows\SYSTEM32\WINMM.dll
0x00007ffdddca0000 - 0x00007ffdddd0c000 	C:\Windows\System32\WS2_32.dll
0x00007ffdd96e0000 - 0x00007ffdd970a000 	C:\Windows\SYSTEM32\winmmbase.dll
0x00007ffddc0d0000 - 0x00007ffddc119000 	C:\Windows\System32\cfgmgr32.dll
0x00007ffdd9a50000 - 0x00007ffdd9a5f000 	C:\Program Files\Java\jre1.8.0_211\bin\verify.dll
0x00007ffdd56c0000 - 0x00007ffdd56e9000 	C:\Program Files\Java\jre1.8.0_211\bin\java.dll
0x00007ffdc4740000 - 0x00007ffdc4775000 	C:\Program Files\Java\jre1.8.0_211\bin\jdwp.dll
0x00007ffdd5f00000 - 0x00007ffdd5f08000 	C:\Program Files\Java\jre1.8.0_211\bin\npt.dll
0x00007ffdd6f70000 - 0x00007ffdd6f86000 	C:\Program Files\Java\jre1.8.0_211\bin\zip.dll
0x00007ffdde3d0000 - 0x00007ffddf810000 	C:\Windows\System32\SHELL32.dll
0x00007ffddd4e0000 - 0x00007ffddd589000 	C:\Windows\System32\shcore.dll
0x00007ffddc470000 - 0x00007ffddcb7d000 	C:\Windows\System32\windows.storage.dll
0x00007ffddd390000 - 0x00007ffddd3e1000 	C:\Windows\System32\shlwapi.dll
0x00007ffddbca0000 - 0x00007ffddbcb1000 	C:\Windows\System32\kernel.appcore.dll
0x00007ffddbcc0000 - 0x00007ffddbcdf000 	C:\Windows\System32\profapi.dll
0x00007ffddbc50000 - 0x00007ffddbc9c000 	C:\Windows\System32\powrprof.dll
0x00007ffddbce0000 - 0x00007ffddbcea000 	C:\Windows\System32\FLTLIB.DLL
0x00007ffdd5c50000 - 0x00007ffdd5c59000 	C:\Program Files\Java\jre1.8.0_211\bin\dt_socket.dll
0x00007ffdc4ef0000 - 0x00007ffdc4f06000 	C:\Windows\system32\napinsp.dll
0x00007ffdc4ed0000 - 0x00007ffdc4eea000 	C:\Windows\system32\pnrpnsp.dll
0x00007ffdd7bd0000 - 0x00007ffdd7be9000 	C:\Windows\system32\NLAapi.dll
0x00007ffddb470000 - 0x00007ffddb4d6000 	C:\Windows\System32\mswsock.dll
0x00007ffddb240000 - 0x00007ffddb2fe000 	C:\Windows\SYSTEM32\DNSAPI.dll
0x00007ffddd380000 - 0x00007ffddd388000 	C:\Windows\System32\NSI.dll
0x00007ffddb200000 - 0x00007ffddb238000 	C:\Windows\SYSTEM32\IPHLPAPI.DLL
0x00007ffdc4ec0000 - 0x00007ffdc4ece000 	C:\Windows\System32\winrnr.dll
0x00007ffdd3be0000 - 0x00007ffdd3bf5000 	C:\Windows\System32\wshbth.dll
0x00007ffdcf910000 - 0x00007ffdcf982000 	C:\Windows\System32\fwpuclnt.dll
0x00007ffddb7b0000 - 0x00007ffddb7d5000 	C:\Windows\SYSTEM32\bcrypt.dll
0x00007ffdd0420000 - 0x00007ffdd042a000 	C:\Windows\System32\rasadhlp.dll
0x00007ffdd9a00000 - 0x00007ffdd9a0d000 	C:\Program Files\Java\jre1.8.0_211\bin\management.dll
0x00007ffdd5da0000 - 0x00007ffdd5dba000 	C:\Program Files\Java\jre1.8.0_211\bin\net.dll
0x00007ffdcd3d0000 - 0x00007ffdcd599000 	C:\Windows\SYSTEM32\urlmon.dll
0x00007ffdcdc20000 - 0x00007ffdcdec6000 	C:\Windows\SYSTEM32\iertutil.dll
0x00007ffddb6a0000 - 0x00007ffddb6ab000 	C:\Windows\SYSTEM32\CRYPTBASE.DLL
0x00007ffdcae10000 - 0x00007ffdcae22000 	C:\Program Files\Java\jre1.8.0_211\bin\nio.dll
0x00007ffddb680000 - 0x00007ffddb697000 	C:\Windows\SYSTEM32\CRYPTSP.dll
0x00007ffddb060000 - 0x00007ffddb093000 	C:\Windows\system32\rsaenh.dll
0x00007ffddbb50000 - 0x00007ffddbb78000 	C:\Windows\SYSTEM32\USERENV.dll
0x00007ffdcf990000 - 0x00007ffdcf9a6000 	C:\Windows\SYSTEM32\dhcpcsvc6.DLL
0x00007ffdd3ef0000 - 0x00007ffdd3f0a000 	C:\Windows\SYSTEM32\dhcpcsvc.DLL
0x00007ffdda6b0000 - 0x00007ffdda879000 	C:\Windows\SYSTEM32\dbghelp.dll

VM Arguments:
jvm_args: -agentlib:jdwp=transport=dt_socket,suspend=y,address=localhost:55531 -Dcom.sun.management.jmxremote -Dcom.sun.management.jmxremote.port=55530 -Dcom.sun.management.jmxremote.authenticate=false -Dcom.sun.management.jmxremote.ssl=false -Djava.rmi.server.hostname=localhost -Dspring.jmx.enabled=true -Dspring.application.admin.enabled=true -Xverify:none -XX:TieredStopAtLevel=1 -Dfile.encoding=UTF-8 
java_command: com.expressiontree.ExpressiontreeApplication --spring.output.ansi.enabled=always
java_class_path (initial): D:\learning\expressiontree\target\classes;C:\Users\anoop\.m2\repository\org\springframework\boot\spring-boot-starter-web\2.2.0.M4\spring-boot-starter-web-2.2.0.M4.jar;C:\Users\anoop\.m2\repository\org\springframework\boot\spring-boot-starter\2.2.0.M4\spring-boot-starter-2.2.0.M4.jar;C:\Users\anoop\.m2\repository\org\springframework\boot\spring-boot\2.2.0.M4\spring-boot-2.2.0.M4.jar;C:\Users\anoop\.m2\repository\org\springframework\boot\spring-boot-autoconfigure\2.2.0.M4\spring-boot-autoconfigure-2.2.0.M4.jar;C:\Users\anoop\.m2\repository\org\springframework\boot\spring-boot-starter-logging\2.2.0.M4\spring-boot-starter-logging-2.2.0.M4.jar;C:\Users\anoop\.m2\repository\ch\qos\logback\logback-classic\1.2.3\logback-classic-1.2.3.jar;C:\Users\anoop\.m2\repository\ch\qos\logback\logback-core\1.2.3\logback-core-1.2.3.jar;C:\Users\anoop\.m2\repository\org\apache\logging\log4j\log4j-to-slf4j\2.11.2\log4j-to-slf4j-2.11.2.jar;C:\Users\anoop\.m2\repository\org\apache\logging\log4j\log4j-api\2.11.2\log4j-api-2.11.2.jar;C:\Users\anoop\.m2\repository\org\slf4j\jul-to-slf4j\1.7.26\jul-to-slf4j-1.7.26.jar;C:\Users\anoop\.m2\repository\jakarta\annotation\jakarta.annotation-api\1.3.4\jakarta.annotation-api-1.3.4.jar;C:\Users\anoop\.m2\repository\org\yaml\snakeyaml\1.24\snakeyaml-1.24.jar;C:\Users\anoop\.m2\repository\org\springframework\boot\spring-boot-starter-json\2.2.0.M4\spring-boot-starter-json-2.2.0.M4.jar;C:\Users\anoop\.m2\repository\com\fasterxml\jackson\core\jackson-databind\2.9.9\jackson-databind-2.9.9.jar;C:\Users\anoop\.m2\repository\com\fasterxml\jackson\core\jackson-core\2.9.9\jackson-core-2.9.9.jar;C:\Users\anoop\.m2\repository\com\fasterxml\jackson\datatype\jackson-datatype-jdk8\2.9.9\jackson-datatype-jdk8-2.9.9.jar;C:\Users\anoop\.m2\repository\com\fasterxml\jackson\datatype\jackson-datatype-jsr310\2.9.9\jackson-datatype-jsr310-2.9.9.jar;C:\Users\anoop\.m2\repository\com\fasterxml\jackson\module\jackson-module-parameter-names\2.9.9\jacks
Launcher Type: SUN_STANDARD

Environment Variables:
JAVA_HOME=C:\Progra~1\Java\jdk1.8.0_211
PATH=C:/Program Files/Java/jre1.8.0_211/bin/server;C:/Program Files/Java/jre1.8.0_211/bin;C:/Program Files/Java/jre1.8.0_211/lib/amd64;C:\Program Files (x86)\Common Files\Oracle\Java\javapath;C:\Program Files (x86)\Intel\iCLS Client\;C:\Program Files\Intel\iCLS Client\;C:\Windows\system32;C:\Windows;C:\Windows\System32\Wbem;C:\Windows\System32\WindowsPowerShell\v1.0\;C:\Windows\System32\OpenSSH\;C:\Program Files (x86)\Intel\Intel(R) Management Engine Components\DAL;C:\Program Files\Intel\Intel(R) Management Engine Components\DAL;C:\Program Files (x86)\Intel\Intel(R) Management Engine Components\IPT;C:\Program Files\Intel\Intel(R) Management Engine Components\IPT;C:\Program Files\nodejs\;C:\Program Files\Cloud Foundry;C:\Users\anoop\AppData\Local\Microsoft\WindowsApps;C:\Program Files\Java\jdk1.8.0_211\bin;C:\Users\anoop\AppData\Roaming\npm;C:\Users\anoop\AppData\Local\Programs\Microsoft VS Code\bin;C:\kafka_2.12-2.3.0\bin\windows;C:\apache-maven-3.6.1\bin;;C:\eclipse\sts-4.3.0.RELEASE;
USERNAME=anoop
OS=Windows_NT
PROCESSOR_IDENTIFIER=Intel64 Family 6 Model 142 Stepping 10, GenuineIntel



---------------  S Y S T E M  ---------------

OS: Windows 10.0 , 64 bit Build 17134 (10.0.17134.753)

CPU:total 8 (initial active 8) (4 cores per cpu, 2 threads per core) family 6 model 142 stepping 10, cmov, cx8, fxsr, mmx, sse, sse2, sse3, ssse3, sse4.1, sse4.2, popcnt, avx, avx2, aes, clmul, erms, 3dnowpref, lzcnt, ht, tsc, tscinvbit, bmi1, bmi2, adx

Memory: 4k page, physical 8264956k(1320152k free), swap 17177852k(4284500k free)

vm_info: Java HotSpot(TM) 64-Bit Server VM (25.211-b12) for windows-amd64 JRE (1.8.0_211-b12), built on Apr  1 2019 20:53:26 by "java_re" with MS VC++ 10.0 (VS2010)

time: Mon Aug 05 08:52:38 2019
timezone: Eastern Daylight Time
elapsed time: 232 seconds (0d 0h 3m 52s)

